[22:04:13.5426] ====================================================================================

===============================================================================

[22:04:13.5866] Application.platform = WindowsEditor

===============================================================================

[22:04:13.5956] Application.dataPath = F:/LocalCode/CosmosEngine/Assets , WritePermission: True

===============================================================================

[22:04:13.6076] Application.streamingAssetsPath = F:/LocalCode/CosmosEngine/Assets/StreamingAssets , WritePermission: True

===============================================================================

[22:04:13.6246] Application.persistentDataPath = C:/Users/Mrkelly/AppData/LocalLow/DefaultCompany/CosmosEngineBootstrap , WritePermission: True

===============================================================================

[22:04:13.6366] Application.temporaryCachePath = C:/Users/Mrkelly/AppData/Local/Temp/DefaultCompany/CosmosEngineBootstrap , WritePermission: True

===============================================================================

[22:04:13.6466] Application.unityVersion = 4.5.1f3

===============================================================================

[22:04:13.6576] SystemInfo.deviceModel = Intel(R) Xeon(R) CPU E3-1230 v3 @ 3.30GHz (8131 MB)

===============================================================================

[22:04:13.9376] SystemInfo.deviceUniqueIdentifier = 0e552d4c2e6c44a06dd48e9c240d722c21b4b554

===============================================================================

[22:04:13.9486] ====================================================================================

===============================================================================

[22:04:13.9656] ResourceManager ApplicationPath: file:///F:/LocalCode/CosmosEngine/Assets\../App/

===============================================================================

[22:04:13.9846] ResourceManager ResourcesPath: file:///F:/LocalCode/CosmosEngine/Assets\StreamingAssets/Win32/

===============================================================================

[22:04:14.0016] ResourceManager DocumentResourcesPath: file:///F:/LocalCode/CosmosEngine/Assets/../Temp/UnityWinPersistentDataPath/StreamingAssets/Win32/

===============================================================================

[22:04:14.0176] ================================================================================

===============================================================================

[22:04:14.1366] Init Module: #CResourceManager# Time:0.02

===============================================================================

[22:04:14.6326] Init Module: #CUIManager# Time:0.3333333

===============================================================================

[22:04:14.6386] Finish Init ResourceManager + UIManager!

===============================================================================

[22:04:14.6446] Begin Load tab file...

===============================================================================

[22:04:14.6546] Output the tab file...

===============================================================================

[22:04:14.6696] Id:1, Name: Test Field

===============================================================================

[22:04:14.6826] Id:2, Name: Test Field 2

===============================================================================

[22:04:14.7607] Init Module: #CGameSettings# Time:0.131787

===============================================================================

[22:04:36.6469] 生成文件： F:\LocalCode\CosmosEngine\Assets\StreamingAssets\Win32/UI/DemoHome_UI.unity3d

===============================================================================

[22:04:42.5022] ====================================================================================

===============================================================================

[22:04:42.5202] Application.platform = WindowsEditor

===============================================================================

[22:04:42.5292] Application.dataPath = F:/LocalCode/CosmosEngine/Assets , WritePermission: True

===============================================================================

[22:04:42.5402] Application.streamingAssetsPath = F:/LocalCode/CosmosEngine/Assets/StreamingAssets , WritePermission: True

===============================================================================

[22:04:42.5612] Application.persistentDataPath = C:/Users/Mrkelly/AppData/LocalLow/DefaultCompany/CosmosEngineBootstrap , WritePermission: True

===============================================================================

[22:04:42.5762] Application.temporaryCachePath = C:/Users/Mrkelly/AppData/Local/Temp/DefaultCompany/CosmosEngineBootstrap , WritePermission: True

===============================================================================

[22:04:42.5862] Application.unityVersion = 4.5.1f3

===============================================================================

[22:04:42.5972] SystemInfo.deviceModel = Intel(R) Xeon(R) CPU E3-1230 v3 @ 3.30GHz (8131 MB)

===============================================================================

[22:04:42.6082] SystemInfo.deviceUniqueIdentifier = 0e552d4c2e6c44a06dd48e9c240d722c21b4b554

===============================================================================

[22:04:42.6172] ====================================================================================

===============================================================================

[22:04:42.6322] ResourceManager ApplicationPath: file:///F:/LocalCode/CosmosEngine/Assets\../App/

===============================================================================

[22:04:42.6472] ResourceManager ResourcesPath: file:///F:/LocalCode/CosmosEngine/Assets\StreamingAssets/Win32/

===============================================================================

[22:04:42.6602] ResourceManager DocumentResourcesPath: file:///F:/LocalCode/CosmosEngine/Assets/../Temp/UnityWinPersistentDataPath/StreamingAssets/Win32/

===============================================================================

[22:04:42.6782] ================================================================================

===============================================================================

[22:04:42.7913] Init Module: #CResourceManager# Time:0.02

===============================================================================

[22:04:43.2453] Init Module: #CUIManager# Time:0.3333333

===============================================================================

[22:04:43.2503] Finish Init ResourceManager + UIManager!

===============================================================================

[22:04:43.2553] Begin Load tab file...

===============================================================================

[22:04:43.2653] Output the tab file...

===============================================================================

[22:04:43.2773] Id:1, Name: Test Field

===============================================================================

[22:04:43.2873] Id:2, Name: Test Field 2

===============================================================================

[22:04:43.3463] Init Module: #CGameSettings# Time:0.1037215

===============================================================================

